2024-10-03 06:28:49,265 - INFO - data_processing.py - 56 - Excel file successfully loaded.
2024-10-03 06:28:49,287 - INFO - data_processing.py - 66 - Data filtered and grouped.
2024-10-03 06:28:49,291 - INFO - data_processing.py - 78 - Time difference calculated.
2024-10-03 06:28:49,293 - INFO - data_processing.py - 91 - Branch ID extracted and DataFrame prepared.
2024-10-03 06:28:49,295 - INFO - data_processing.py - 105 - Created flag
2024-10-03 06:28:49,296 - INFO - data_processing.py - 108 - Apply condition1 (not outdates)
2024-10-03 06:28:49,300 - INFO - data_processing.py - 34 - Branch data loaded from branch_data.json
2024-10-03 06:28:49,301 - INFO - data_processing.py - 113 - Branch data loaded and filtered.
2024-10-03 06:28:49,302 - INFO - data_processing.py - 122 - Apply condition2 (Branch in the file)
2024-10-03 06:46:12,544 - INFO - data_processing.py - 56 - Excel file successfully loaded.
2024-10-03 06:46:12,569 - INFO - data_processing.py - 66 - Data filtered and grouped.
2024-10-03 06:46:12,577 - INFO - data_processing.py - 78 - Time difference calculated.
2024-10-03 06:46:12,580 - INFO - data_processing.py - 91 - Branch ID extracted and DataFrame prepared.
2024-10-03 06:46:12,584 - INFO - data_processing.py - 105 - Created flag
2024-10-03 06:46:12,585 - INFO - data_processing.py - 108 - Apply condition1 (not outdates)
2024-10-03 06:46:12,588 - INFO - data_processing.py - 34 - Branch data loaded from branch_data.json
2024-10-03 06:46:12,588 - INFO - data_processing.py - 113 - Branch data loaded and filtered.
2024-10-03 06:46:12,589 - INFO - data_processing.py - 122 - Apply condition2 (Branch in the file)
2024-10-03 06:46:15,615 - INFO - data_processing.py - 56 - Excel file successfully loaded.
2024-10-03 06:46:15,622 - INFO - data_processing.py - 66 - Data filtered and grouped.
2024-10-03 06:46:15,629 - INFO - data_processing.py - 78 - Time difference calculated.
2024-10-03 06:46:15,633 - INFO - data_processing.py - 91 - Branch ID extracted and DataFrame prepared.
2024-10-03 06:46:15,638 - INFO - data_processing.py - 105 - Created flag
2024-10-03 06:46:15,639 - INFO - data_processing.py - 108 - Apply condition1 (not outdates)
2024-10-03 06:46:15,643 - INFO - data_processing.py - 34 - Branch data loaded from branch_data.json
2024-10-03 06:46:15,644 - INFO - data_processing.py - 113 - Branch data loaded and filtered.
2024-10-03 06:46:15,646 - INFO - data_processing.py - 122 - Apply condition2 (Branch in the file)
2024-10-03 06:47:30,804 - INFO - data_processing.py - 56 - Excel file successfully loaded.
2024-10-03 06:47:30,819 - INFO - data_processing.py - 66 - Data filtered and grouped.
2024-10-03 06:47:30,824 - INFO - data_processing.py - 78 - Time difference calculated.
2024-10-03 06:47:30,828 - INFO - data_processing.py - 91 - Branch ID extracted and DataFrame prepared.
2024-10-03 06:47:30,832 - INFO - data_processing.py - 105 - Created flag
2024-10-03 06:47:30,833 - INFO - data_processing.py - 108 - Apply condition1 (not outdates)
2024-10-03 06:47:30,836 - INFO - data_processing.py - 34 - Branch data loaded from branch_data.json
2024-10-03 06:47:30,836 - INFO - data_processing.py - 113 - Branch data loaded and filtered.
2024-10-03 06:47:30,837 - INFO - data_processing.py - 122 - Apply condition2 (Branch in the file)
2024-10-03 06:47:33,228 - INFO - data_processing.py - 56 - Excel file successfully loaded.
2024-10-03 06:47:33,233 - INFO - data_processing.py - 66 - Data filtered and grouped.
2024-10-03 06:47:33,235 - INFO - data_processing.py - 78 - Time difference calculated.
2024-10-03 06:47:33,239 - INFO - data_processing.py - 91 - Branch ID extracted and DataFrame prepared.
2024-10-03 06:47:33,242 - INFO - data_processing.py - 105 - Created flag
2024-10-03 06:47:33,243 - INFO - data_processing.py - 108 - Apply condition1 (not outdates)
2024-10-03 06:47:33,248 - INFO - data_processing.py - 34 - Branch data loaded from branch_data.json
2024-10-03 06:47:33,252 - INFO - data_processing.py - 113 - Branch data loaded and filtered.
2024-10-03 06:47:33,254 - INFO - data_processing.py - 122 - Apply condition2 (Branch in the file)
2024-10-03 07:09:32,161 - INFO - data_processing.py - 56 - Excel file successfully loaded.
2024-10-03 07:09:32,181 - INFO - data_processing.py - 66 - Data filtered and grouped.
2024-10-03 07:09:32,187 - INFO - data_processing.py - 78 - Time difference calculated.
2024-10-03 07:09:32,190 - INFO - data_processing.py - 91 - Branch ID extracted and DataFrame prepared.
2024-10-03 07:09:32,192 - INFO - data_processing.py - 105 - Created flag
2024-10-03 07:09:32,194 - INFO - data_processing.py - 108 - Apply condition1 (not outdates)
2024-10-03 07:09:32,198 - INFO - data_processing.py - 34 - Branch data loaded from branch_data.json
2024-10-03 07:09:32,199 - INFO - data_processing.py - 113 - Branch data loaded and filtered.
2024-10-03 07:09:32,201 - INFO - data_processing.py - 122 - Apply condition2 (Branch in the file)
2024-10-03 07:09:35,231 - INFO - data_processing.py - 56 - Excel file successfully loaded.
2024-10-03 07:09:35,238 - INFO - data_processing.py - 66 - Data filtered and grouped.
2024-10-03 07:09:35,242 - INFO - data_processing.py - 78 - Time difference calculated.
2024-10-03 07:09:35,245 - INFO - data_processing.py - 91 - Branch ID extracted and DataFrame prepared.
2024-10-03 07:09:35,251 - INFO - data_processing.py - 105 - Created flag
2024-10-03 07:09:35,253 - INFO - data_processing.py - 108 - Apply condition1 (not outdates)
2024-10-03 07:09:35,259 - INFO - data_processing.py - 34 - Branch data loaded from branch_data.json
2024-10-03 07:09:35,260 - INFO - data_processing.py - 113 - Branch data loaded and filtered.
2024-10-03 07:09:35,262 - INFO - data_processing.py - 122 - Apply condition2 (Branch in the file)
2024-10-03 07:12:03,235 - INFO - data_processing.py - 56 - Excel file successfully loaded.
2024-10-03 07:12:03,255 - INFO - data_processing.py - 66 - Data filtered and grouped.
2024-10-03 07:12:03,261 - INFO - data_processing.py - 78 - Time difference calculated.
2024-10-03 07:12:03,265 - INFO - data_processing.py - 91 - Branch ID extracted and DataFrame prepared.
2024-10-03 07:12:03,268 - INFO - data_processing.py - 105 - Created flag
2024-10-03 07:12:03,269 - INFO - data_processing.py - 108 - Apply condition1 (not outdates)
2024-10-03 07:12:03,271 - INFO - data_processing.py - 34 - Branch data loaded from branch_data.json
2024-10-03 07:12:03,272 - INFO - data_processing.py - 113 - Branch data loaded and filtered.
2024-10-03 07:12:03,273 - INFO - data_processing.py - 122 - Apply condition2 (Branch in the file)
2024-10-03 07:12:06,352 - INFO - data_processing.py - 56 - Excel file successfully loaded.
2024-10-03 07:12:06,358 - INFO - data_processing.py - 66 - Data filtered and grouped.
2024-10-03 07:12:06,361 - INFO - data_processing.py - 78 - Time difference calculated.
2024-10-03 07:12:06,364 - INFO - data_processing.py - 91 - Branch ID extracted and DataFrame prepared.
2024-10-03 07:12:06,368 - INFO - data_processing.py - 105 - Created flag
2024-10-03 07:12:06,370 - INFO - data_processing.py - 108 - Apply condition1 (not outdates)
2024-10-03 07:12:06,379 - INFO - data_processing.py - 34 - Branch data loaded from branch_data.json
2024-10-03 07:12:06,381 - INFO - data_processing.py - 113 - Branch data loaded and filtered.
2024-10-03 07:12:06,382 - INFO - data_processing.py - 122 - Apply condition2 (Branch in the file)
2024-10-03 07:19:30,369 - INFO - data_processing.py - 56 - Excel file successfully loaded.
2024-10-03 07:19:30,388 - INFO - data_processing.py - 66 - Data filtered and grouped.
2024-10-03 07:19:30,393 - INFO - data_processing.py - 78 - Time difference calculated.
2024-10-03 07:19:30,399 - INFO - data_processing.py - 91 - Branch ID extracted and DataFrame prepared.
2024-10-03 07:19:30,402 - INFO - data_processing.py - 105 - Created flag
2024-10-03 07:19:30,404 - INFO - data_processing.py - 108 - Apply condition1 (not outdates)
2024-10-03 07:19:30,408 - INFO - data_processing.py - 34 - Branch data loaded from branch_data.json
2024-10-03 07:19:30,410 - INFO - data_processing.py - 113 - Branch data loaded and filtered.
2024-10-03 07:19:30,411 - INFO - data_processing.py - 122 - Apply condition2 (Branch in the file)
2024-10-03 07:19:32,787 - INFO - data_processing.py - 56 - Excel file successfully loaded.
2024-10-03 07:19:32,794 - INFO - data_processing.py - 66 - Data filtered and grouped.
2024-10-03 07:19:32,796 - INFO - data_processing.py - 78 - Time difference calculated.
2024-10-03 07:19:32,799 - INFO - data_processing.py - 91 - Branch ID extracted and DataFrame prepared.
2024-10-03 07:19:32,801 - INFO - data_processing.py - 105 - Created flag
2024-10-03 07:19:32,804 - INFO - data_processing.py - 108 - Apply condition1 (not outdates)
2024-10-03 07:19:32,806 - INFO - data_processing.py - 34 - Branch data loaded from branch_data.json
2024-10-03 07:19:32,807 - INFO - data_processing.py - 113 - Branch data loaded and filtered.
2024-10-03 07:19:32,809 - INFO - data_processing.py - 122 - Apply condition2 (Branch in the file)
